2026-05-15 16:33:35,680:WARNING:
'cuml' is a soft dependency and not included in the pycaret installation. Please run: `pip install cuml` to install.
2026-05-15 16:33:35,680:WARNING:
'cuml' is a soft dependency and not included in the pycaret installation. Please run: `pip install cuml` to install.
2026-05-15 16:33:35,680:WARNING:
'cuml' is a soft dependency and not included in the pycaret installation. Please run: `pip install cuml` to install.
2026-05-15 16:33:35,680:WARNING:
'cuml' is a soft dependency and not included in the pycaret installation. Please run: `pip install cuml` to install.
2026-05-15 16:39:44,200:WARNING:
'cuml' is a soft dependency and not included in the pycaret installation. Please run: `pip install cuml` to install.
2026-05-15 16:39:44,201:WARNING:
'cuml' is a soft dependency and not included in the pycaret installation. Please run: `pip install cuml` to install.
2026-05-15 16:39:44,201:WARNING:
'cuml' is a soft dependency and not included in the pycaret installation. Please run: `pip install cuml` to install.
2026-05-15 16:39:44,201:WARNING:
'cuml' is a soft dependency and not included in the pycaret installation. Please run: `pip install cuml` to install.
2026-05-15 16:40:03,051:INFO:PyCaret ClassificationExperiment
2026-05-15 16:40:03,052:INFO:Logging name: clf-default-name
2026-05-15 16:40:03,052:INFO:ML Usecase: MLUsecase.CLASSIFICATION
2026-05-15 16:40:03,052:INFO:version 3.3.2
2026-05-15 16:40:03,052:INFO:Initializing setup()
2026-05-15 16:40:03,052:INFO:self.USI: 5b97
2026-05-15 16:40:03,052:INFO:self._variable_keys: {'log_plots_param', 'gpu_param', 'fix_imbalance', 'y_test', '_available_plots', 'pipeline', 'y', 'X_train', 'fold_generator', 'exp_name_log', 'seed', 'gpu_n_jobs_param', 'logging_param', 'idx', 'data', 'memory', 'html_param', 'fold_groups_param', 'USI', 'y_train', 'fold_shuffle_param', 'exp_id', 'target_param', 'n_jobs_param', '_ml_usecase', 'X_test', 'X', 'is_multiclass'}
2026-05-15 16:40:03,052:INFO:Checking environment
2026-05-15 16:40:03,052:INFO:python_version: 3.10.16
2026-05-15 16:40:03,052:INFO:python_build: ('main', 'Apr  3 2025 14:30:37')
2026-05-15 16:40:03,052:INFO:machine: arm64
2026-05-15 16:40:03,052:INFO:platform: macOS-26.2-arm64-arm-64bit
2026-05-15 16:40:03,052:INFO:Memory: svmem(total=8589934592, available=1372782592, percent=84.0, used=2830286848, free=69697536, active=1317601280, inactive=1268547584, wired=1512685568)
2026-05-15 16:40:03,052:INFO:Physical Core: 8
2026-05-15 16:40:03,052:INFO:Logical Core: 8
2026-05-15 16:40:03,052:INFO:Checking libraries
2026-05-15 16:40:03,052:INFO:System:
2026-05-15 16:40:03,052:INFO:    python: 3.10.16 | packaged by conda-forge | (main, Apr  3 2025, 14:30:37) [Clang 18.1.8 ]
2026-05-15 16:40:03,052:INFO:executable: /opt/anaconda3/envs/my-fenv/bin/python
2026-05-15 16:40:03,053:INFO:   machine: macOS-26.2-arm64-arm-64bit
2026-05-15 16:40:03,053:INFO:PyCaret required dependencies:
2026-05-15 16:40:03,054:WARNING:/opt/anaconda3/envs/my-fenv/lib/python3.10/site-packages/_distutils_hack/__init__.py:31: UserWarning: Setuptools is replacing distutils. Support for replacing an already imported distutils is deprecated. In the future, this condition will fail. Register concerns at https://github.com/pypa/setuptools/issues/new?template=distutils-deprecation.yml
  warnings.warn(

2026-05-15 16:40:08,844:INFO:                 pip: 26.1.1
2026-05-15 16:40:08,844:INFO:          setuptools: 75.1.0
2026-05-15 16:40:08,844:INFO:             pycaret: 3.3.2
2026-05-15 16:40:08,844:INFO:             IPython: 8.28.0
2026-05-15 16:40:08,844:INFO:          ipywidgets: 8.1.5
2026-05-15 16:40:08,844:INFO:                tqdm: 4.67.1
2026-05-15 16:40:08,844:INFO:               numpy: 1.26.4
2026-05-15 16:40:08,844:INFO:              pandas: 2.1.4
2026-05-15 16:40:08,844:INFO:              jinja2: 3.1.6
2026-05-15 16:40:08,844:INFO:               scipy: 1.11.4
2026-05-15 16:40:08,844:INFO:              joblib: 1.3.2
2026-05-15 16:40:08,844:INFO:             sklearn: 1.4.2
2026-05-15 16:40:08,844:INFO:                pyod: 3.4.0
2026-05-15 16:40:08,844:INFO:            imblearn: 0.14.1
2026-05-15 16:40:08,844:INFO:   category_encoders: 2.7.0
2026-05-15 16:40:08,844:INFO:            lightgbm: 4.6.0
2026-05-15 16:40:08,844:INFO:               numba: 0.61.2
2026-05-15 16:40:08,844:INFO:            requests: 2.32.3
2026-05-15 16:40:08,844:INFO:          matplotlib: 3.7.5
2026-05-15 16:40:08,844:INFO:          scikitplot: 0.3.7
2026-05-15 16:40:08,844:INFO:         yellowbrick: 1.5
2026-05-15 16:40:08,844:INFO:              plotly: 6.7.0
2026-05-15 16:40:08,844:INFO:    plotly-resampler: Not installed
2026-05-15 16:40:08,844:INFO:             kaleido: 1.3.0
2026-05-15 16:40:08,844:INFO:           schemdraw: 0.15
2026-05-15 16:40:08,844:INFO:         statsmodels: 0.14.4
2026-05-15 16:40:08,844:INFO:              sktime: 0.26.0
2026-05-15 16:40:08,844:INFO:               tbats: 1.1.3
2026-05-15 16:40:08,845:INFO:            pmdarima: 2.0.4
2026-05-15 16:40:08,845:INFO:              psutil: 7.0.0
2026-05-15 16:40:08,845:INFO:          markupsafe: 3.0.2
2026-05-15 16:40:08,845:INFO:             pickle5: Not installed
2026-05-15 16:40:08,845:INFO:         cloudpickle: 3.1.2
2026-05-15 16:40:08,845:INFO:         deprecation: 2.1.0
2026-05-15 16:40:08,845:INFO:              xxhash: 3.7.0
2026-05-15 16:40:08,845:INFO:           wurlitzer: 3.1.1
2026-05-15 16:40:08,845:INFO:PyCaret optional dependencies:
2026-05-15 16:40:17,558:INFO:                shap: 0.44.1
2026-05-15 16:40:17,558:INFO:           interpret: 0.6.9
2026-05-15 16:40:17,558:INFO:                umap: 0.5.7
2026-05-15 16:40:17,558:INFO:     ydata_profiling: 4.18.4
2026-05-15 16:40:17,558:INFO:  explainerdashboard: 0.5.8
2026-05-15 16:40:17,558:INFO:             autoviz: Not installed
2026-05-15 16:40:17,558:INFO:           fairlearn: 0.7.0
2026-05-15 16:40:17,558:INFO:          deepchecks: Not installed
2026-05-15 16:40:17,558:INFO:             xgboost: 3.2.0
2026-05-15 16:40:17,558:INFO:            catboost: 1.1.1
2026-05-15 16:40:17,558:INFO:              kmodes: 0.12.2
2026-05-15 16:40:17,558:INFO:             mlxtend: 0.23.4
2026-05-15 16:40:17,558:INFO:       statsforecast: 1.5.0
2026-05-15 16:40:17,558:INFO:        tune_sklearn: 0.5.0
2026-05-15 16:40:17,558:INFO:                 ray: 2.55.1
2026-05-15 16:40:17,558:INFO:            hyperopt: 0.2.7
2026-05-15 16:40:17,558:INFO:              optuna: 4.8.0
2026-05-15 16:40:17,558:INFO:               skopt: 0.10.2
2026-05-15 16:40:17,558:INFO:              mlflow: 3.12.0
2026-05-15 16:40:17,558:INFO:              gradio: 6.14.0
2026-05-15 16:40:17,558:INFO:             fastapi: 0.136.1
2026-05-15 16:40:17,558:INFO:             uvicorn: 0.47.0
2026-05-15 16:40:17,559:INFO:              m2cgen: 0.10.0
2026-05-15 16:40:17,559:INFO:           evidently: 0.4.40
2026-05-15 16:40:17,559:INFO:               fugue: 0.8.7
2026-05-15 16:40:17,559:INFO:           streamlit: Not installed
2026-05-15 16:40:17,559:INFO:             prophet: Not installed
2026-05-15 16:40:17,559:INFO:None
2026-05-15 16:40:17,559:INFO:Set up data.
2026-05-15 16:40:17,570:INFO:Set up folding strategy.
2026-05-15 16:40:17,570:INFO:Set up train/test split.
2026-05-15 16:40:17,576:INFO:Set up index.
2026-05-15 16:40:17,576:INFO:Assigning column types.
2026-05-15 16:40:17,580:INFO:Engine successfully changes for model 'lr' to 'sklearn'.
2026-05-15 16:40:17,608:INFO:Engine for model 'knn' has not been set explicitly, hence returning None.
2026-05-15 16:40:17,610:INFO:Engine for model 'rbfsvm' has not been set explicitly, hence returning None.
2026-05-15 16:40:17,626:INFO:Soft dependency imported: xgboost: 3.2.0
2026-05-15 16:40:17,628:INFO:Soft dependency imported: catboost: 1.1.1
2026-05-15 16:40:18,999:INFO:Engine for model 'knn' has not been set explicitly, hence returning None.
2026-05-15 16:40:18,999:INFO:Engine for model 'rbfsvm' has not been set explicitly, hence returning None.
2026-05-15 16:40:19,014:INFO:Soft dependency imported: xgboost: 3.2.0
2026-05-15 16:40:19,016:INFO:Soft dependency imported: catboost: 1.1.1
2026-05-15 16:40:19,016:INFO:Engine successfully changes for model 'knn' to 'sklearn'.
2026-05-15 16:40:19,037:INFO:Engine for model 'rbfsvm' has not been set explicitly, hence returning None.
2026-05-15 16:40:19,049:INFO:Soft dependency imported: xgboost: 3.2.0
2026-05-15 16:40:19,050:INFO:Soft dependency imported: catboost: 1.1.1
2026-05-15 16:40:19,070:INFO:Engine for model 'rbfsvm' has not been set explicitly, hence returning None.
2026-05-15 16:40:19,082:INFO:Soft dependency imported: xgboost: 3.2.0
2026-05-15 16:40:19,084:INFO:Soft dependency imported: catboost: 1.1.1
2026-05-15 16:40:19,084:INFO:Engine successfully changes for model 'rbfsvm' to 'sklearn'.
2026-05-15 16:40:19,117:INFO:Soft dependency imported: xgboost: 3.2.0
2026-05-15 16:40:19,118:INFO:Soft dependency imported: catboost: 1.1.1
2026-05-15 16:40:19,150:INFO:Soft dependency imported: xgboost: 3.2.0
2026-05-15 16:40:19,151:INFO:Soft dependency imported: catboost: 1.1.1
2026-05-15 16:40:19,154:INFO:Preparing preprocessing pipeline...
2026-05-15 16:40:19,156:INFO:Set up simple imputation.
2026-05-15 16:40:19,157:INFO:Set up column name cleaning.
2026-05-15 16:40:19,173:INFO:Finished creating preprocessing pipeline.
2026-05-15 16:40:19,176:INFO:Pipeline: Pipeline(memory=FastMemory(location=/var/folders/52/8y5ry6cn6lb3856sdgttfvl80000gn/T/joblib),
         steps=[('numerical_imputer',
                 TransformerWrapper(exclude=None,
                                    include=['mean radius', 'mean texture',
                                             'mean perimeter', 'mean area',
                                             'mean smoothness',
                                             'mean compactness',
                                             'mean concavity',
                                             'mean concave points',
                                             'mean symmetry',
                                             'mean fractal dimension',
                                             'radius error', 'texture err...
                ('categorical_imputer',
                 TransformerWrapper(exclude=None, include=[],
                                    transformer=SimpleImputer(add_indicator=False,
                                                              copy=True,
                                                              fill_value=None,
                                                              keep_empty_features=False,
                                                              missing_values=nan,
                                                              strategy='most_frequent'))),
                ('clean_column_names',
                 TransformerWrapper(exclude=None, include=None,
                                    transformer=CleanColumnNames(match='[\\]\\[\\,\\{\\}\\"\\:]+')))],
         verbose=False)
2026-05-15 16:40:19,176:INFO:Creating final display dataframe.
2026-05-15 16:40:19,225:INFO:Setup _display_container:                     Description             Value
0                    Session id               555
1                        Target            cancer
2                   Target type            Binary
3           Original data shape         (569, 31)
4        Transformed data shape         (569, 31)
5   Transformed train set shape         (398, 31)
6    Transformed test set shape         (171, 31)
7              Numeric features                30
8                    Preprocess              True
9               Imputation type            simple
10           Numeric imputation              mean
11       Categorical imputation              mode
12               Fold Generator   StratifiedKFold
13                  Fold Number                10
14                     CPU Jobs                -1
15                      Use GPU             False
16               Log Experiment             False
17              Experiment Name  clf-default-name
18                          USI              5b97
2026-05-15 16:40:19,261:INFO:Soft dependency imported: xgboost: 3.2.0
2026-05-15 16:40:19,262:INFO:Soft dependency imported: catboost: 1.1.1
2026-05-15 16:40:19,296:INFO:Soft dependency imported: xgboost: 3.2.0
2026-05-15 16:40:19,297:INFO:Soft dependency imported: catboost: 1.1.1
2026-05-15 16:40:19,298:INFO:setup() successfully completed in 16.25s...............
2026-05-15 16:50:38,987:INFO:Initializing compare_models()
2026-05-15 16:50:38,989:INFO:compare_models(self=<pycaret.classification.oop.ClassificationExperiment object at 0x30cf84070>, include=None, fold=None, round=4, cross_validation=True, sort=Accuracy, n_select=1, budget_time=None, turbo=True, errors=ignore, fit_kwargs=None, groups=None, experiment_custom_tags=None, probability_threshold=None, verbose=True, parallel=None, caller_params={'self': <pycaret.classification.oop.ClassificationExperiment object at 0x30cf84070>, 'include': None, 'exclude': None, 'fold': None, 'round': 4, 'cross_validation': True, 'sort': 'Accuracy', 'n_select': 1, 'budget_time': None, 'turbo': True, 'errors': 'ignore', 'fit_kwargs': None, 'groups': None, 'experiment_custom_tags': None, 'probability_threshold': None, 'engine': None, 'verbose': True, 'parallel': None, '__class__': <class 'pycaret.classification.oop.ClassificationExperiment'>}, exclude=None)
2026-05-15 16:50:38,990:INFO:Checking exceptions
2026-05-15 16:50:39,017:INFO:Preparing display monitor
2026-05-15 16:50:39,174:INFO:Initializing Logistic Regression
2026-05-15 16:50:39,174:INFO:Total runtime is 5.551179250081381e-06 minutes
2026-05-15 16:50:39,177:INFO:SubProcess create_model() called ==================================
2026-05-15 16:50:39,177:INFO:Initializing create_model()
2026-05-15 16:50:39,177:INFO:create_model(self=<pycaret.classification.oop.ClassificationExperiment object at 0x30cf84070>, estimator=lr, fold=StratifiedKFold(n_splits=10, random_state=None, shuffle=False), round=4, cross_validation=True, predict=True, fit_kwargs={}, groups=None, refit=False, probability_threshold=None, experiment_custom_tags=None, verbose=False, system=False, add_to_model_list=True, metrics=None, display=<pycaret.internal.display.display.CommonDisplay object at 0x17761e200>, model_only=True, return_train_score=False, error_score=0.0, kwargs={})
2026-05-15 16:50:39,177:INFO:Checking exceptions
2026-05-15 16:50:39,177:INFO:Importing libraries
2026-05-15 16:50:39,177:INFO:Copying training dataset
2026-05-15 16:50:39,183:INFO:Defining folds
2026-05-15 16:50:39,184:INFO:Declaring metric variables
2026-05-15 16:50:39,185:INFO:Importing untrained model
2026-05-15 16:50:39,189:INFO:Logistic Regression Imported successfully
2026-05-15 16:50:39,194:INFO:Starting cross validation
2026-05-15 16:50:39,196:INFO:Cross validating with StratifiedKFold(n_splits=10, random_state=None, shuffle=False), n_jobs=-1
2026-05-15 16:50:43,944:WARNING:/opt/anaconda3/envs/my-fenv/lib/python3.10/site-packages/_distutils_hack/__init__.py:31: UserWarning: Setuptools is replacing distutils. Support for replacing an already imported distutils is deprecated. In the future, this condition will fail. Register concerns at https://github.com/pypa/setuptools/issues/new?template=distutils-deprecation.yml
  warnings.warn(

2026-05-15 16:50:43,944:WARNING:/opt/anaconda3/envs/my-fenv/lib/python3.10/site-packages/_distutils_hack/__init__.py:31: UserWarning: Setuptools is replacing distutils. Support for replacing an already imported distutils is deprecated. In the future, this condition will fail. Register concerns at https://github.com/pypa/setuptools/issues/new?template=distutils-deprecation.yml
  warnings.warn(

2026-05-15 16:50:43,944:WARNING:/opt/anaconda3/envs/my-fenv/lib/python3.10/site-packages/_distutils_hack/__init__.py:31: UserWarning: Setuptools is replacing distutils. Support for replacing an already imported distutils is deprecated. In the future, this condition will fail. Register concerns at https://github.com/pypa/setuptools/issues/new?template=distutils-deprecation.yml
  warnings.warn(

2026-05-15 16:50:43,944:WARNING:/opt/anaconda3/envs/my-fenv/lib/python3.10/site-packages/_distutils_hack/__init__.py:31: UserWarning: Setuptools is replacing distutils. Support for replacing an already imported distutils is deprecated. In the future, this condition will fail. Register concerns at https://github.com/pypa/setuptools/issues/new?template=distutils-deprecation.yml
  warnings.warn(

2026-05-15 16:50:43,945:WARNING:/opt/anaconda3/envs/my-fenv/lib/python3.10/site-packages/_distutils_hack/__init__.py:31: UserWarning: Setuptools is replacing distutils. Support for replacing an already imported distutils is deprecated. In the future, this condition will fail. Register concerns at https://github.com/pypa/setuptools/issues/new?template=distutils-deprecation.yml
  warnings.warn(

2026-05-15 16:50:43,945:WARNING:/opt/anaconda3/envs/my-fenv/lib/python3.10/site-packages/_distutils_hack/__init__.py:31: UserWarning: Setuptools is replacing distutils. Support for replacing an already imported distutils is deprecated. In the future, this condition will fail. Register concerns at https://github.com/pypa/setuptools/issues/new?template=distutils-deprecation.yml
  warnings.warn(

2026-05-15 16:50:43,964:WARNING:/opt/anaconda3/envs/my-fenv/lib/python3.10/site-packages/_distutils_hack/__init__.py:31: UserWarning: Setuptools is replacing distutils. Support for replacing an already imported distutils is deprecated. In the future, this condition will fail. Register concerns at https://github.com/pypa/setuptools/issues/new?template=distutils-deprecation.yml
  warnings.warn(

2026-05-15 16:50:44,014:WARNING:/opt/anaconda3/envs/my-fenv/lib/python3.10/site-packages/_distutils_hack/__init__.py:31: UserWarning: Setuptools is replacing distutils. Support for replacing an already imported distutils is deprecated. In the future, this condition will fail. Register concerns at https://github.com/pypa/setuptools/issues/new?template=distutils-deprecation.yml
  warnings.warn(

2026-05-15 16:50:45,066:INFO:Calculating mean and std
2026-05-15 16:50:45,069:INFO:Creating metrics dataframe
2026-05-15 16:50:45,079:INFO:Uploading results into container
2026-05-15 16:50:45,080:INFO:Uploading model into container now
2026-05-15 16:50:45,081:INFO:_master_model_container: 1
2026-05-15 16:50:45,081:INFO:_display_container: 2
2026-05-15 16:50:45,082:INFO:LogisticRegression(C=1.0, class_weight=None, dual=False, fit_intercept=True,
                   intercept_scaling=1, l1_ratio=None, max_iter=1000,
                   multi_class='auto', n_jobs=None, penalty='l2',
                   random_state=555, solver='lbfgs', tol=0.0001, verbose=0,
                   warm_start=False)
2026-05-15 16:50:45,082:INFO:create_model() successfully completed......................................
2026-05-15 16:50:45,312:INFO:SubProcess create_model() end ==================================
2026-05-15 16:50:45,312:INFO:Creating metrics dataframe
2026-05-15 16:50:45,320:INFO:Initializing K Neighbors Classifier
2026-05-15 16:50:45,320:INFO:Total runtime is 0.1024317979812622 minutes
2026-05-15 16:50:45,322:INFO:SubProcess create_model() called ==================================
2026-05-15 16:50:45,323:INFO:Initializing create_model()
2026-05-15 16:50:45,323:INFO:create_model(self=<pycaret.classification.oop.ClassificationExperiment object at 0x30cf84070>, estimator=knn, fold=StratifiedKFold(n_splits=10, random_state=None, shuffle=False), round=4, cross_validation=True, predict=True, fit_kwargs={}, groups=None, refit=False, probability_threshold=None, experiment_custom_tags=None, verbose=False, system=False, add_to_model_list=True, metrics=None, display=<pycaret.internal.display.display.CommonDisplay object at 0x17761e200>, model_only=True, return_train_score=False, error_score=0.0, kwargs={})
2026-05-15 16:50:45,323:INFO:Checking exceptions
2026-05-15 16:50:45,323:INFO:Importing libraries
2026-05-15 16:50:45,324:INFO:Copying training dataset
2026-05-15 16:50:45,332:INFO:Defining folds
2026-05-15 16:50:45,332:INFO:Declaring metric variables
2026-05-15 16:50:45,334:INFO:Importing untrained model
2026-05-15 16:50:45,336:INFO:K Neighbors Classifier Imported successfully
2026-05-15 16:50:45,343:INFO:Starting cross validation
2026-05-15 16:50:45,345:INFO:Cross validating with StratifiedKFold(n_splits=10, random_state=None, shuffle=False), n_jobs=-1
2026-05-15 16:50:45,432:INFO:Calculating mean and std
2026-05-15 16:50:45,433:INFO:Creating metrics dataframe
2026-05-15 16:50:45,434:INFO:Uploading results into container
2026-05-15 16:50:45,434:INFO:Uploading model into container now
2026-05-15 16:50:45,434:INFO:_master_model_container: 2
2026-05-15 16:50:45,434:INFO:_display_container: 2
2026-05-15 16:50:45,434:INFO:KNeighborsClassifier(algorithm='auto', leaf_size=30, metric='minkowski',
                     metric_params=None, n_jobs=-1, n_neighbors=5, p=2,
                     weights='uniform')
2026-05-15 16:50:45,434:INFO:create_model() successfully completed......................................
2026-05-15 16:50:45,541:INFO:SubProcess create_model() end ==================================
2026-05-15 16:50:45,542:INFO:Creating metrics dataframe
2026-05-15 16:50:45,546:INFO:Initializing Naive Bayes
2026-05-15 16:50:45,546:INFO:Total runtime is 0.1062031308809916 minutes
2026-05-15 16:50:45,548:INFO:SubProcess create_model() called ==================================
2026-05-15 16:50:45,548:INFO:Initializing create_model()
2026-05-15 16:50:45,548:INFO:create_model(self=<pycaret.classification.oop.ClassificationExperiment object at 0x30cf84070>, estimator=nb, fold=StratifiedKFold(n_splits=10, random_state=None, shuffle=False), round=4, cross_validation=True, predict=True, fit_kwargs={}, groups=None, refit=False, probability_threshold=None, experiment_custom_tags=None, verbose=False, system=False, add_to_model_list=True, metrics=None, display=<pycaret.internal.display.display.CommonDisplay object at 0x17761e200>, model_only=True, return_train_score=False, error_score=0.0, kwargs={})
2026-05-15 16:50:45,548:INFO:Checking exceptions
2026-05-15 16:50:45,548:INFO:Importing libraries
2026-05-15 16:50:45,548:INFO:Copying training dataset
2026-05-15 16:50:45,551:INFO:Defining folds
2026-05-15 16:50:45,551:INFO:Declaring metric variables
2026-05-15 16:50:45,553:INFO:Importing untrained model
2026-05-15 16:50:45,555:INFO:Naive Bayes Imported successfully
2026-05-15 16:50:45,559:INFO:Starting cross validation
2026-05-15 16:50:45,560:INFO:Cross validating with StratifiedKFold(n_splits=10, random_state=None, shuffle=False), n_jobs=-1
2026-05-15 16:50:45,629:INFO:Calculating mean and std
2026-05-15 16:50:45,629:INFO:Creating metrics dataframe
2026-05-15 16:50:45,630:INFO:Uploading results into container
2026-05-15 16:50:45,630:INFO:Uploading model into container now
2026-05-15 16:50:45,630:INFO:_master_model_container: 3
2026-05-15 16:50:45,630:INFO:_display_container: 2
2026-05-15 16:50:45,630:INFO:GaussianNB(priors=None, var_smoothing=1e-09)
2026-05-15 16:50:45,631:INFO:create_model() successfully completed......................................
2026-05-15 16:50:45,740:INFO:SubProcess create_model() end ==================================
2026-05-15 16:50:45,740:INFO:Creating metrics dataframe
2026-05-15 16:50:45,743:INFO:Initializing Decision Tree Classifier
2026-05-15 16:50:45,743:INFO:Total runtime is 0.10948193073272704 minutes
2026-05-15 16:50:45,744:INFO:SubProcess create_model() called ==================================
2026-05-15 16:50:45,744:INFO:Initializing create_model()
2026-05-15 16:50:45,744:INFO:create_model(self=<pycaret.classification.oop.ClassificationExperiment object at 0x30cf84070>, estimator=dt, fold=StratifiedKFold(n_splits=10, random_state=None, shuffle=False), round=4, cross_validation=True, predict=True, fit_kwargs={}, groups=None, refit=False, probability_threshold=None, experiment_custom_tags=None, verbose=False, system=False, add_to_model_list=True, metrics=None, display=<pycaret.internal.display.display.CommonDisplay object at 0x17761e200>, model_only=True, return_train_score=False, error_score=0.0, kwargs={})
2026-05-15 16:50:45,745:INFO:Checking exceptions
2026-05-15 16:50:45,745:INFO:Importing libraries
2026-05-15 16:50:45,745:INFO:Copying training dataset
2026-05-15 16:50:45,748:INFO:Defining folds
2026-05-15 16:50:45,748:INFO:Declaring metric variables
2026-05-15 16:50:45,750:INFO:Importing untrained model
2026-05-15 16:50:45,752:INFO:Decision Tree Classifier Imported successfully
2026-05-15 16:50:45,757:INFO:Starting cross validation
2026-05-15 16:50:45,758:INFO:Cross validating with StratifiedKFold(n_splits=10, random_state=None, shuffle=False), n_jobs=-1
2026-05-15 16:50:45,843:INFO:Calculating mean and std
2026-05-15 16:50:45,843:INFO:Creating metrics dataframe
2026-05-15 16:50:45,844:INFO:Uploading results into container
2026-05-15 16:50:45,844:INFO:Uploading model into container now
2026-05-15 16:50:45,844:INFO:_master_model_container: 4
2026-05-15 16:50:45,844:INFO:_display_container: 2
2026-05-15 16:50:45,844:INFO:DecisionTreeClassifier(ccp_alpha=0.0, class_weight=None, criterion='gini',
                       max_depth=None, max_features=None, max_leaf_nodes=None,
                       min_impurity_decrease=0.0, min_samples_leaf=1,
                       min_samples_split=2, min_weight_fraction_leaf=0.0,
                       monotonic_cst=None, random_state=555, splitter='best')
2026-05-15 16:50:45,844:INFO:create_model() successfully completed......................................
2026-05-15 16:50:45,954:INFO:SubProcess create_model() end ==================================
2026-05-15 16:50:45,954:INFO:Creating metrics dataframe
2026-05-15 16:50:45,958:INFO:Initializing SVM - Linear Kernel
2026-05-15 16:50:45,958:INFO:Total runtime is 0.11306086381276448 minutes
2026-05-15 16:50:45,959:INFO:SubProcess create_model() called ==================================
2026-05-15 16:50:45,959:INFO:Initializing create_model()
2026-05-15 16:50:45,959:INFO:create_model(self=<pycaret.classification.oop.ClassificationExperiment object at 0x30cf84070>, estimator=svm, fold=StratifiedKFold(n_splits=10, random_state=None, shuffle=False), round=4, cross_validation=True, predict=True, fit_kwargs={}, groups=None, refit=False, probability_threshold=None, experiment_custom_tags=None, verbose=False, system=False, add_to_model_list=True, metrics=None, display=<pycaret.internal.display.display.CommonDisplay object at 0x17761e200>, model_only=True, return_train_score=False, error_score=0.0, kwargs={})
2026-05-15 16:50:45,959:INFO:Checking exceptions
2026-05-15 16:50:45,959:INFO:Importing libraries
2026-05-15 16:50:45,959:INFO:Copying training dataset
2026-05-15 16:50:45,963:INFO:Defining folds
2026-05-15 16:50:45,964:INFO:Declaring metric variables
2026-05-15 16:50:45,965:INFO:Importing untrained model
2026-05-15 16:50:45,968:INFO:SVM - Linear Kernel Imported successfully
2026-05-15 16:50:45,971:INFO:Starting cross validation
2026-05-15 16:50:45,972:INFO:Cross validating with StratifiedKFold(n_splits=10, random_state=None, shuffle=False), n_jobs=-1
2026-05-15 16:50:46,044:INFO:Calculating mean and std
2026-05-15 16:50:46,044:INFO:Creating metrics dataframe
2026-05-15 16:50:46,045:INFO:Uploading results into container
2026-05-15 16:50:46,045:INFO:Uploading model into container now
2026-05-15 16:50:46,045:INFO:_master_model_container: 5
2026-05-15 16:50:46,046:INFO:_display_container: 2
2026-05-15 16:50:46,046:INFO:SGDClassifier(alpha=0.0001, average=False, class_weight=None,
              early_stopping=False, epsilon=0.1, eta0=0.001, fit_intercept=True,
              l1_ratio=0.15, learning_rate='optimal', loss='hinge',
              max_iter=1000, n_iter_no_change=5, n_jobs=-1, penalty='l2',
              power_t=0.5, random_state=555, shuffle=True, tol=0.001,
              validation_fraction=0.1, verbose=0, warm_start=False)
2026-05-15 16:50:46,046:INFO:create_model() successfully completed......................................
2026-05-15 16:50:46,153:INFO:SubProcess create_model() end ==================================
2026-05-15 16:50:46,153:INFO:Creating metrics dataframe
2026-05-15 16:50:46,157:INFO:Initializing Ridge Classifier
2026-05-15 16:50:46,157:INFO:Total runtime is 0.11637986501057943 minutes
2026-05-15 16:50:46,158:INFO:SubProcess create_model() called ==================================
2026-05-15 16:50:46,158:INFO:Initializing create_model()
2026-05-15 16:50:46,158:INFO:create_model(self=<pycaret.classification.oop.ClassificationExperiment object at 0x30cf84070>, estimator=ridge, fold=StratifiedKFold(n_splits=10, random_state=None, shuffle=False), round=4, cross_validation=True, predict=True, fit_kwargs={}, groups=None, refit=False, probability_threshold=None, experiment_custom_tags=None, verbose=False, system=False, add_to_model_list=True, metrics=None, display=<pycaret.internal.display.display.CommonDisplay object at 0x17761e200>, model_only=True, return_train_score=False, error_score=0.0, kwargs={})
2026-05-15 16:50:46,158:INFO:Checking exceptions
2026-05-15 16:50:46,159:INFO:Importing libraries
2026-05-15 16:50:46,159:INFO:Copying training dataset
2026-05-15 16:50:46,162:INFO:Defining folds
2026-05-15 16:50:46,162:INFO:Declaring metric variables
2026-05-15 16:50:46,164:INFO:Importing untrained model
2026-05-15 16:50:46,166:INFO:Ridge Classifier Imported successfully
2026-05-15 16:50:46,169:INFO:Starting cross validation
2026-05-15 16:50:46,170:INFO:Cross validating with StratifiedKFold(n_splits=10, random_state=None, shuffle=False), n_jobs=-1
2026-05-15 16:50:46,239:INFO:Calculating mean and std
2026-05-15 16:50:46,239:INFO:Creating metrics dataframe
2026-05-15 16:50:46,240:INFO:Uploading results into container
2026-05-15 16:50:46,240:INFO:Uploading model into container now
2026-05-15 16:50:46,241:INFO:_master_model_container: 6
2026-05-15 16:50:46,241:INFO:_display_container: 2
2026-05-15 16:50:46,241:INFO:RidgeClassifier(alpha=1.0, class_weight=None, copy_X=True, fit_intercept=True,
                max_iter=None, positive=False, random_state=555, solver='auto',
                tol=0.0001)
2026-05-15 16:50:46,241:INFO:create_model() successfully completed......................................
2026-05-15 16:50:46,347:INFO:SubProcess create_model() end ==================================
2026-05-15 16:50:46,347:INFO:Creating metrics dataframe
2026-05-15 16:50:46,351:INFO:Initializing Random Forest Classifier
2026-05-15 16:50:46,351:INFO:Total runtime is 0.11961607933044434 minutes
2026-05-15 16:50:46,352:INFO:SubProcess create_model() called ==================================
2026-05-15 16:50:46,352:INFO:Initializing create_model()
2026-05-15 16:50:46,352:INFO:create_model(self=<pycaret.classification.oop.ClassificationExperiment object at 0x30cf84070>, estimator=rf, fold=StratifiedKFold(n_splits=10, random_state=None, shuffle=False), round=4, cross_validation=True, predict=True, fit_kwargs={}, groups=None, refit=False, probability_threshold=None, experiment_custom_tags=None, verbose=False, system=False, add_to_model_list=True, metrics=None, display=<pycaret.internal.display.display.CommonDisplay object at 0x17761e200>, model_only=True, return_train_score=False, error_score=0.0, kwargs={})
2026-05-15 16:50:46,353:INFO:Checking exceptions
2026-05-15 16:50:46,353:INFO:Importing libraries
2026-05-15 16:50:46,353:INFO:Copying training dataset
2026-05-15 16:50:46,357:INFO:Defining folds
2026-05-15 16:50:46,357:INFO:Declaring metric variables
2026-05-15 16:50:46,358:INFO:Importing untrained model
2026-05-15 16:50:46,361:INFO:Random Forest Classifier Imported successfully
2026-05-15 16:50:46,364:INFO:Starting cross validation
2026-05-15 16:50:46,364:INFO:Cross validating with StratifiedKFold(n_splits=10, random_state=None, shuffle=False), n_jobs=-1
2026-05-15 16:50:46,812:INFO:Calculating mean and std
2026-05-15 16:50:46,813:INFO:Creating metrics dataframe
2026-05-15 16:50:46,814:INFO:Uploading results into container
2026-05-15 16:50:46,815:INFO:Uploading model into container now
2026-05-15 16:50:46,815:INFO:_master_model_container: 7
2026-05-15 16:50:46,815:INFO:_display_container: 2
2026-05-15 16:50:46,815:INFO:RandomForestClassifier(bootstrap=True, ccp_alpha=0.0, class_weight=None,
                       criterion='gini', max_depth=None, max_features='sqrt',
                       max_leaf_nodes=None, max_samples=None,
                       min_impurity_decrease=0.0, min_samples_leaf=1,
                       min_samples_split=2, min_weight_fraction_leaf=0.0,
                       monotonic_cst=None, n_estimators=100, n_jobs=-1,
                       oob_score=False, random_state=555, verbose=0,
                       warm_start=False)
2026-05-15 16:50:46,815:INFO:create_model() successfully completed......................................
2026-05-15 16:50:46,927:INFO:SubProcess create_model() end ==================================
2026-05-15 16:50:46,927:INFO:Creating metrics dataframe
2026-05-15 16:50:46,931:INFO:Initializing Quadratic Discriminant Analysis
2026-05-15 16:50:46,931:INFO:Total runtime is 0.1292836308479309 minutes
2026-05-15 16:50:46,934:INFO:SubProcess create_model() called ==================================
2026-05-15 16:50:46,934:INFO:Initializing create_model()
2026-05-15 16:50:46,934:INFO:create_model(self=<pycaret.classification.oop.ClassificationExperiment object at 0x30cf84070>, estimator=qda, fold=StratifiedKFold(n_splits=10, random_state=None, shuffle=False), round=4, cross_validation=True, predict=True, fit_kwargs={}, groups=None, refit=False, probability_threshold=None, experiment_custom_tags=None, verbose=False, system=False, add_to_model_list=True, metrics=None, display=<pycaret.internal.display.display.CommonDisplay object at 0x17761e200>, model_only=True, return_train_score=False, error_score=0.0, kwargs={})
2026-05-15 16:50:46,934:INFO:Checking exceptions
2026-05-15 16:50:46,934:INFO:Importing libraries
2026-05-15 16:50:46,934:INFO:Copying training dataset
2026-05-15 16:50:46,938:INFO:Defining folds
2026-05-15 16:50:46,938:INFO:Declaring metric variables
2026-05-15 16:50:46,939:INFO:Importing untrained model
2026-05-15 16:50:46,942:INFO:Quadratic Discriminant Analysis Imported successfully
2026-05-15 16:50:46,946:INFO:Starting cross validation
2026-05-15 16:50:46,946:INFO:Cross validating with StratifiedKFold(n_splits=10, random_state=None, shuffle=False), n_jobs=-1
2026-05-15 16:50:47,015:INFO:Calculating mean and std
2026-05-15 16:50:47,015:INFO:Creating metrics dataframe
2026-05-15 16:50:47,016:INFO:Uploading results into container
2026-05-15 16:50:47,016:INFO:Uploading model into container now
2026-05-15 16:50:47,016:INFO:_master_model_container: 8
2026-05-15 16:50:47,016:INFO:_display_container: 2
2026-05-15 16:50:47,016:INFO:QuadraticDiscriminantAnalysis(priors=None, reg_param=0.0,
                              store_covariance=False, tol=0.0001)
2026-05-15 16:50:47,016:INFO:create_model() successfully completed......................................
2026-05-15 16:50:47,124:INFO:SubProcess create_model() end ==================================
2026-05-15 16:50:47,124:INFO:Creating metrics dataframe
2026-05-15 16:50:47,128:INFO:Initializing Ada Boost Classifier
2026-05-15 16:50:47,128:INFO:Total runtime is 0.13256483475367228 minutes
2026-05-15 16:50:47,129:INFO:SubProcess create_model() called ==================================
2026-05-15 16:50:47,129:INFO:Initializing create_model()
2026-05-15 16:50:47,129:INFO:create_model(self=<pycaret.classification.oop.ClassificationExperiment object at 0x30cf84070>, estimator=ada, fold=StratifiedKFold(n_splits=10, random_state=None, shuffle=False), round=4, cross_validation=True, predict=True, fit_kwargs={}, groups=None, refit=False, probability_threshold=None, experiment_custom_tags=None, verbose=False, system=False, add_to_model_list=True, metrics=None, display=<pycaret.internal.display.display.CommonDisplay object at 0x17761e200>, model_only=True, return_train_score=False, error_score=0.0, kwargs={})
2026-05-15 16:50:47,129:INFO:Checking exceptions
2026-05-15 16:50:47,130:INFO:Importing libraries
2026-05-15 16:50:47,130:INFO:Copying training dataset
2026-05-15 16:50:47,133:INFO:Defining folds
2026-05-15 16:50:47,133:INFO:Declaring metric variables
2026-05-15 16:50:47,135:INFO:Importing untrained model
2026-05-15 16:50:47,137:INFO:Ada Boost Classifier Imported successfully
2026-05-15 16:50:47,141:INFO:Starting cross validation
2026-05-15 16:50:47,142:INFO:Cross validating with StratifiedKFold(n_splits=10, random_state=None, shuffle=False), n_jobs=-1
2026-05-15 16:50:47,157:WARNING:/opt/anaconda3/envs/my-fenv/lib/python3.10/site-packages/sklearn/ensemble/_weight_boosting.py:519: FutureWarning: The SAMME.R algorithm (the default) is deprecated and will be removed in 1.6. Use the SAMME algorithm to circumvent this warning.
  warnings.warn(

2026-05-15 16:50:47,176:WARNING:/opt/anaconda3/envs/my-fenv/lib/python3.10/site-packages/sklearn/ensemble/_weight_boosting.py:519: FutureWarning: The SAMME.R algorithm (the default) is deprecated and will be removed in 1.6. Use the SAMME algorithm to circumvent this warning.
  warnings.warn(

2026-05-15 16:50:47,180:WARNING:/opt/anaconda3/envs/my-fenv/lib/python3.10/site-packages/sklearn/ensemble/_weight_boosting.py:519: FutureWarning: The SAMME.R algorithm (the default) is deprecated and will be removed in 1.6. Use the SAMME algorithm to circumvent this warning.
  warnings.warn(

2026-05-15 16:50:47,181:WARNING:/opt/anaconda3/envs/my-fenv/lib/python3.10/site-packages/sklearn/ensemble/_weight_boosting.py:519: FutureWarning: The SAMME.R algorithm (the default) is deprecated and will be removed in 1.6. Use the SAMME algorithm to circumvent this warning.
  warnings.warn(

2026-05-15 16:50:47,195:WARNING:/opt/anaconda3/envs/my-fenv/lib/python3.10/site-packages/sklearn/ensemble/_weight_boosting.py:519: FutureWarning: The SAMME.R algorithm (the default) is deprecated and will be removed in 1.6. Use the SAMME algorithm to circumvent this warning.
  warnings.warn(

2026-05-15 16:50:47,201:WARNING:/opt/anaconda3/envs/my-fenv/lib/python3.10/site-packages/sklearn/ensemble/_weight_boosting.py:519: FutureWarning: The SAMME.R algorithm (the default) is deprecated and will be removed in 1.6. Use the SAMME algorithm to circumvent this warning.
  warnings.warn(

2026-05-15 16:50:47,224:WARNING:/opt/anaconda3/envs/my-fenv/lib/python3.10/site-packages/sklearn/ensemble/_weight_boosting.py:519: FutureWarning: The SAMME.R algorithm (the default) is deprecated and will be removed in 1.6. Use the SAMME algorithm to circumvent this warning.
  warnings.warn(

2026-05-15 16:50:47,244:WARNING:/opt/anaconda3/envs/my-fenv/lib/python3.10/site-packages/sklearn/ensemble/_weight_boosting.py:519: FutureWarning: The SAMME.R algorithm (the default) is deprecated and will be removed in 1.6. Use the SAMME algorithm to circumvent this warning.
  warnings.warn(

2026-05-15 16:50:47,292:WARNING:/opt/anaconda3/envs/my-fenv/lib/python3.10/site-packages/sklearn/ensemble/_weight_boosting.py:519: FutureWarning: The SAMME.R algorithm (the default) is deprecated and will be removed in 1.6. Use the SAMME algorithm to circumvent this warning.
  warnings.warn(

2026-05-15 16:50:47,292:WARNING:/opt/anaconda3/envs/my-fenv/lib/python3.10/site-packages/sklearn/ensemble/_weight_boosting.py:519: FutureWarning: The SAMME.R algorithm (the default) is deprecated and will be removed in 1.6. Use the SAMME algorithm to circumvent this warning.
  warnings.warn(

2026-05-15 16:50:47,393:INFO:Calculating mean and std
2026-05-15 16:50:47,394:INFO:Creating metrics dataframe
2026-05-15 16:50:47,395:INFO:Uploading results into container
2026-05-15 16:50:47,395:INFO:Uploading model into container now
2026-05-15 16:50:47,395:INFO:_master_model_container: 9
2026-05-15 16:50:47,395:INFO:_display_container: 2
2026-05-15 16:50:47,396:INFO:AdaBoostClassifier(algorithm='SAMME.R', estimator=None, learning_rate=1.0,
                   n_estimators=50, random_state=555)
2026-05-15 16:50:47,396:INFO:create_model() successfully completed......................................
2026-05-15 16:50:47,506:INFO:SubProcess create_model() end ==================================
2026-05-15 16:50:47,506:INFO:Creating metrics dataframe
2026-05-15 16:50:47,510:INFO:Initializing Gradient Boosting Classifier
2026-05-15 16:50:47,510:INFO:Total runtime is 0.1389397144317627 minutes
2026-05-15 16:50:47,512:INFO:SubProcess create_model() called ==================================
2026-05-15 16:50:47,512:INFO:Initializing create_model()
2026-05-15 16:50:47,512:INFO:create_model(self=<pycaret.classification.oop.ClassificationExperiment object at 0x30cf84070>, estimator=gbc, fold=StratifiedKFold(n_splits=10, random_state=None, shuffle=False), round=4, cross_validation=True, predict=True, fit_kwargs={}, groups=None, refit=False, probability_threshold=None, experiment_custom_tags=None, verbose=False, system=False, add_to_model_list=True, metrics=None, display=<pycaret.internal.display.display.CommonDisplay object at 0x17761e200>, model_only=True, return_train_score=False, error_score=0.0, kwargs={})
2026-05-15 16:50:47,512:INFO:Checking exceptions
2026-05-15 16:50:47,512:INFO:Importing libraries
2026-05-15 16:50:47,512:INFO:Copying training dataset
2026-05-15 16:50:47,516:INFO:Defining folds
2026-05-15 16:50:47,516:INFO:Declaring metric variables
2026-05-15 16:50:47,517:INFO:Importing untrained model
2026-05-15 16:50:47,519:INFO:Gradient Boosting Classifier Imported successfully
2026-05-15 16:50:47,523:INFO:Starting cross validation
2026-05-15 16:50:47,523:INFO:Cross validating with StratifiedKFold(n_splits=10, random_state=None, shuffle=False), n_jobs=-1
2026-05-15 16:50:48,180:INFO:Calculating mean and std
2026-05-15 16:50:48,181:INFO:Creating metrics dataframe
2026-05-15 16:50:48,182:INFO:Uploading results into container
2026-05-15 16:50:48,182:INFO:Uploading model into container now
2026-05-15 16:50:48,182:INFO:_master_model_container: 10
2026-05-15 16:50:48,183:INFO:_display_container: 2
2026-05-15 16:50:48,183:INFO:GradientBoostingClassifier(ccp_alpha=0.0, criterion='friedman_mse', init=None,
                           learning_rate=0.1, loss='log_loss', max_depth=3,
                           max_features=None, max_leaf_nodes=None,
                           min_impurity_decrease=0.0, min_samples_leaf=1,
                           min_samples_split=2, min_weight_fraction_leaf=0.0,
                           n_estimators=100, n_iter_no_change=None,
                           random_state=555, subsample=1.0, tol=0.0001,
                           validation_fraction=0.1, verbose=0,
                           warm_start=False)
2026-05-15 16:50:48,183:INFO:create_model() successfully completed......................................
2026-05-15 16:50:48,293:INFO:SubProcess create_model() end ==================================
2026-05-15 16:50:48,293:INFO:Creating metrics dataframe
2026-05-15 16:50:48,298:INFO:Initializing Linear Discriminant Analysis
2026-05-15 16:50:48,299:INFO:Total runtime is 0.152075199286143 minutes
2026-05-15 16:50:48,300:INFO:SubProcess create_model() called ==================================
2026-05-15 16:50:48,300:INFO:Initializing create_model()
2026-05-15 16:50:48,300:INFO:create_model(self=<pycaret.classification.oop.ClassificationExperiment object at 0x30cf84070>, estimator=lda, fold=StratifiedKFold(n_splits=10, random_state=None, shuffle=False), round=4, cross_validation=True, predict=True, fit_kwargs={}, groups=None, refit=False, probability_threshold=None, experiment_custom_tags=None, verbose=False, system=False, add_to_model_list=True, metrics=None, display=<pycaret.internal.display.display.CommonDisplay object at 0x17761e200>, model_only=True, return_train_score=False, error_score=0.0, kwargs={})
2026-05-15 16:50:48,300:INFO:Checking exceptions
2026-05-15 16:50:48,300:INFO:Importing libraries
2026-05-15 16:50:48,300:INFO:Copying training dataset
2026-05-15 16:50:48,304:INFO:Defining folds
2026-05-15 16:50:48,304:INFO:Declaring metric variables
2026-05-15 16:50:48,306:INFO:Importing untrained model
2026-05-15 16:50:48,308:INFO:Linear Discriminant Analysis Imported successfully
2026-05-15 16:50:48,312:INFO:Starting cross validation
2026-05-15 16:50:48,312:INFO:Cross validating with StratifiedKFold(n_splits=10, random_state=None, shuffle=False), n_jobs=-1
2026-05-15 16:50:48,378:INFO:Calculating mean and std
2026-05-15 16:50:48,378:INFO:Creating metrics dataframe
2026-05-15 16:50:48,379:INFO:Uploading results into container
2026-05-15 16:50:48,379:INFO:Uploading model into container now
2026-05-15 16:50:48,380:INFO:_master_model_container: 11
2026-05-15 16:50:48,380:INFO:_display_container: 2
2026-05-15 16:50:48,380:INFO:LinearDiscriminantAnalysis(covariance_estimator=None, n_components=None,
                           priors=None, shrinkage=None, solver='svd',
                           store_covariance=False, tol=0.0001)
2026-05-15 16:50:48,380:INFO:create_model() successfully completed......................................
2026-05-15 16:50:48,485:INFO:SubProcess create_model() end ==================================
2026-05-15 16:50:48,486:INFO:Creating metrics dataframe
2026-05-15 16:50:48,490:INFO:Initializing Extra Trees Classifier
2026-05-15 16:50:48,490:INFO:Total runtime is 0.1552654306093852 minutes
2026-05-15 16:50:48,492:INFO:SubProcess create_model() called ==================================
2026-05-15 16:50:48,492:INFO:Initializing create_model()
2026-05-15 16:50:48,492:INFO:create_model(self=<pycaret.classification.oop.ClassificationExperiment object at 0x30cf84070>, estimator=et, fold=StratifiedKFold(n_splits=10, random_state=None, shuffle=False), round=4, cross_validation=True, predict=True, fit_kwargs={}, groups=None, refit=False, probability_threshold=None, experiment_custom_tags=None, verbose=False, system=False, add_to_model_list=True, metrics=None, display=<pycaret.internal.display.display.CommonDisplay object at 0x17761e200>, model_only=True, return_train_score=False, error_score=0.0, kwargs={})
2026-05-15 16:50:48,492:INFO:Checking exceptions
2026-05-15 16:50:48,492:INFO:Importing libraries
2026-05-15 16:50:48,492:INFO:Copying training dataset
2026-05-15 16:50:48,496:INFO:Defining folds
2026-05-15 16:50:48,496:INFO:Declaring metric variables
2026-05-15 16:50:48,497:INFO:Importing untrained model
2026-05-15 16:50:48,500:INFO:Extra Trees Classifier Imported successfully
2026-05-15 16:50:48,503:INFO:Starting cross validation
2026-05-15 16:50:48,504:INFO:Cross validating with StratifiedKFold(n_splits=10, random_state=None, shuffle=False), n_jobs=-1
2026-05-15 16:50:48,772:INFO:Calculating mean and std
2026-05-15 16:50:48,772:INFO:Creating metrics dataframe
2026-05-15 16:50:48,773:INFO:Uploading results into container
2026-05-15 16:50:48,774:INFO:Uploading model into container now
2026-05-15 16:50:48,774:INFO:_master_model_container: 12
2026-05-15 16:50:48,774:INFO:_display_container: 2
2026-05-15 16:50:48,774:INFO:ExtraTreesClassifier(bootstrap=False, ccp_alpha=0.0, class_weight=None,
                     criterion='gini', max_depth=None, max_features='sqrt',
                     max_leaf_nodes=None, max_samples=None,
                     min_impurity_decrease=0.0, min_samples_leaf=1,
                     min_samples_split=2, min_weight_fraction_leaf=0.0,
                     monotonic_cst=None, n_estimators=100, n_jobs=-1,
                     oob_score=False, random_state=555, verbose=0,
                     warm_start=False)
2026-05-15 16:50:48,774:INFO:create_model() successfully completed......................................
2026-05-15 16:50:48,883:INFO:SubProcess create_model() end ==================================
2026-05-15 16:50:48,883:INFO:Creating metrics dataframe
2026-05-15 16:50:48,888:INFO:Initializing Extreme Gradient Boosting
2026-05-15 16:50:48,888:INFO:Total runtime is 0.1618925968805949 minutes
2026-05-15 16:50:48,889:INFO:SubProcess create_model() called ==================================
2026-05-15 16:50:48,889:INFO:Initializing create_model()
2026-05-15 16:50:48,889:INFO:create_model(self=<pycaret.classification.oop.ClassificationExperiment object at 0x30cf84070>, estimator=xgboost, fold=StratifiedKFold(n_splits=10, random_state=None, shuffle=False), round=4, cross_validation=True, predict=True, fit_kwargs={}, groups=None, refit=False, probability_threshold=None, experiment_custom_tags=None, verbose=False, system=False, add_to_model_list=True, metrics=None, display=<pycaret.internal.display.display.CommonDisplay object at 0x17761e200>, model_only=True, return_train_score=False, error_score=0.0, kwargs={})
2026-05-15 16:50:48,889:INFO:Checking exceptions
2026-05-15 16:50:48,889:INFO:Importing libraries
2026-05-15 16:50:48,889:INFO:Copying training dataset
2026-05-15 16:50:48,893:INFO:Defining folds
2026-05-15 16:50:48,893:INFO:Declaring metric variables
2026-05-15 16:50:48,894:INFO:Importing untrained model
2026-05-15 16:50:48,897:INFO:Extreme Gradient Boosting Imported successfully
2026-05-15 16:50:48,900:INFO:Starting cross validation
2026-05-15 16:50:48,901:INFO:Cross validating with StratifiedKFold(n_splits=10, random_state=None, shuffle=False), n_jobs=-1
2026-05-15 16:50:49,090:INFO:Calculating mean and std
2026-05-15 16:50:49,091:INFO:Creating metrics dataframe
2026-05-15 16:50:49,091:INFO:Uploading results into container
2026-05-15 16:50:49,092:INFO:Uploading model into container now
2026-05-15 16:50:49,092:INFO:_master_model_container: 13
2026-05-15 16:50:49,092:INFO:_display_container: 2
2026-05-15 16:50:49,092:INFO:XGBClassifier(base_score=None, booster='gbtree', callbacks=None,
              colsample_bylevel=None, colsample_bynode=None,
              colsample_bytree=None, device='cpu', early_stopping_rounds=None,
              enable_categorical=False, eval_metric=None, feature_types=None,
              feature_weights=None, gamma=None, grow_policy=None,
              importance_type=None, interaction_constraints=None,
              learning_rate=None, max_bin=None, max_cat_threshold=None,
              max_cat_to_onehot=None, max_delta_step=None, max_depth=None,
              max_leaves=None, min_child_weight=None, missing=nan,
              monotone_constraints=None, multi_strategy=None, n_estimators=None,
              n_jobs=-1, num_parallel_tree=None, ...)
2026-05-15 16:50:49,092:INFO:create_model() successfully completed......................................
2026-05-15 16:50:49,205:INFO:SubProcess create_model() end ==================================
2026-05-15 16:50:49,205:INFO:Creating metrics dataframe
2026-05-15 16:50:49,211:INFO:Initializing Light Gradient Boosting Machine
2026-05-15 16:50:49,211:INFO:Total runtime is 0.16729002793629966 minutes
2026-05-15 16:50:49,214:INFO:SubProcess create_model() called ==================================
2026-05-15 16:50:49,214:INFO:Initializing create_model()
2026-05-15 16:50:49,214:INFO:create_model(self=<pycaret.classification.oop.ClassificationExperiment object at 0x30cf84070>, estimator=lightgbm, fold=StratifiedKFold(n_splits=10, random_state=None, shuffle=False), round=4, cross_validation=True, predict=True, fit_kwargs={}, groups=None, refit=False, probability_threshold=None, experiment_custom_tags=None, verbose=False, system=False, add_to_model_list=True, metrics=None, display=<pycaret.internal.display.display.CommonDisplay object at 0x17761e200>, model_only=True, return_train_score=False, error_score=0.0, kwargs={})
2026-05-15 16:50:49,214:INFO:Checking exceptions
2026-05-15 16:50:49,214:INFO:Importing libraries
2026-05-15 16:50:49,214:INFO:Copying training dataset
2026-05-15 16:50:49,218:INFO:Defining folds
2026-05-15 16:50:49,218:INFO:Declaring metric variables
2026-05-15 16:50:49,219:INFO:Importing untrained model
2026-05-15 16:50:49,221:INFO:Light Gradient Boosting Machine Imported successfully
2026-05-15 16:50:49,224:INFO:Starting cross validation
2026-05-15 16:50:49,225:INFO:Cross validating with StratifiedKFold(n_splits=10, random_state=None, shuffle=False), n_jobs=-1
2026-05-15 16:50:50,932:INFO:Calculating mean and std
2026-05-15 16:50:50,933:INFO:Creating metrics dataframe
2026-05-15 16:50:50,934:INFO:Uploading results into container
2026-05-15 16:50:50,934:INFO:Uploading model into container now
2026-05-15 16:50:50,935:INFO:_master_model_container: 14
2026-05-15 16:50:50,935:INFO:_display_container: 2
2026-05-15 16:50:50,935:INFO:LGBMClassifier(boosting_type='gbdt', class_weight=None, colsample_bytree=1.0,
               importance_type='split', learning_rate=0.1, max_depth=-1,
               min_child_samples=20, min_child_weight=0.001, min_split_gain=0.0,
               n_estimators=100, n_jobs=-1, num_leaves=31, objective=None,
               random_state=555, reg_alpha=0.0, reg_lambda=0.0, subsample=1.0,
               subsample_for_bin=200000, subsample_freq=0)
2026-05-15 16:50:50,935:INFO:create_model() successfully completed......................................
2026-05-15 16:50:51,044:INFO:SubProcess create_model() end ==================================
2026-05-15 16:50:51,044:INFO:Creating metrics dataframe
2026-05-15 16:50:51,050:INFO:Initializing CatBoost Classifier
2026-05-15 16:50:51,050:INFO:Total runtime is 0.1979284167289734 minutes
2026-05-15 16:50:51,051:INFO:SubProcess create_model() called ==================================
2026-05-15 16:50:51,051:INFO:Initializing create_model()
2026-05-15 16:50:51,051:INFO:create_model(self=<pycaret.classification.oop.ClassificationExperiment object at 0x30cf84070>, estimator=catboost, fold=StratifiedKFold(n_splits=10, random_state=None, shuffle=False), round=4, cross_validation=True, predict=True, fit_kwargs={}, groups=None, refit=False, probability_threshold=None, experiment_custom_tags=None, verbose=False, system=False, add_to_model_list=True, metrics=None, display=<pycaret.internal.display.display.CommonDisplay object at 0x17761e200>, model_only=True, return_train_score=False, error_score=0.0, kwargs={})
2026-05-15 16:50:51,051:INFO:Checking exceptions
2026-05-15 16:50:51,051:INFO:Importing libraries
2026-05-15 16:50:51,051:INFO:Copying training dataset
2026-05-15 16:50:51,055:INFO:Defining folds
2026-05-15 16:50:51,055:INFO:Declaring metric variables
2026-05-15 16:50:51,057:INFO:Importing untrained model
2026-05-15 16:50:51,062:INFO:CatBoost Classifier Imported successfully
2026-05-15 16:50:51,064:INFO:Starting cross validation
2026-05-15 16:50:51,065:INFO:Cross validating with StratifiedKFold(n_splits=10, random_state=None, shuffle=False), n_jobs=-1
2026-05-15 16:51:02,688:INFO:Calculating mean and std
2026-05-15 16:51:02,691:INFO:Creating metrics dataframe
2026-05-15 16:51:02,696:INFO:Uploading results into container
2026-05-15 16:51:02,701:INFO:Uploading model into container now
2026-05-15 16:51:02,701:INFO:_master_model_container: 15
2026-05-15 16:51:02,701:INFO:_display_container: 2
2026-05-15 16:51:02,701:INFO:<catboost.core.CatBoostClassifier object at 0x37428e6b0>
2026-05-15 16:51:02,702:INFO:create_model() successfully completed......................................
2026-05-15 16:51:02,908:INFO:SubProcess create_model() end ==================================
2026-05-15 16:51:02,909:INFO:Creating metrics dataframe
2026-05-15 16:51:02,921:INFO:Initializing Dummy Classifier
2026-05-15 16:51:02,921:INFO:Total runtime is 0.39579098224639897 minutes
2026-05-15 16:51:02,924:INFO:SubProcess create_model() called ==================================
2026-05-15 16:51:02,924:INFO:Initializing create_model()
2026-05-15 16:51:02,924:INFO:create_model(self=<pycaret.classification.oop.ClassificationExperiment object at 0x30cf84070>, estimator=dummy, fold=StratifiedKFold(n_splits=10, random_state=None, shuffle=False), round=4, cross_validation=True, predict=True, fit_kwargs={}, groups=None, refit=False, probability_threshold=None, experiment_custom_tags=None, verbose=False, system=False, add_to_model_list=True, metrics=None, display=<pycaret.internal.display.display.CommonDisplay object at 0x17761e200>, model_only=True, return_train_score=False, error_score=0.0, kwargs={})
2026-05-15 16:51:02,924:INFO:Checking exceptions
2026-05-15 16:51:02,925:INFO:Importing libraries
2026-05-15 16:51:02,925:INFO:Copying training dataset
2026-05-15 16:51:02,929:INFO:Defining folds
2026-05-15 16:51:02,929:INFO:Declaring metric variables
2026-05-15 16:51:02,931:INFO:Importing untrained model
2026-05-15 16:51:02,933:INFO:Dummy Classifier Imported successfully
2026-05-15 16:51:02,937:INFO:Starting cross validation
2026-05-15 16:51:02,938:INFO:Cross validating with StratifiedKFold(n_splits=10, random_state=None, shuffle=False), n_jobs=-1
2026-05-15 16:51:03,023:INFO:Calculating mean and std
2026-05-15 16:51:03,024:INFO:Creating metrics dataframe
2026-05-15 16:51:03,025:INFO:Uploading results into container
2026-05-15 16:51:03,025:INFO:Uploading model into container now
2026-05-15 16:51:03,025:INFO:_master_model_container: 16
2026-05-15 16:51:03,025:INFO:_display_container: 2
2026-05-15 16:51:03,025:INFO:DummyClassifier(constant=None, random_state=555, strategy='prior')
2026-05-15 16:51:03,025:INFO:create_model() successfully completed......................................
2026-05-15 16:51:03,142:INFO:SubProcess create_model() end ==================================
2026-05-15 16:51:03,143:INFO:Creating metrics dataframe
2026-05-15 16:51:03,149:WARNING:/opt/anaconda3/envs/my-fenv/lib/python3.10/site-packages/pycaret/internal/pycaret_experiment/supervised_experiment.py:323: FutureWarning: Styler.applymap has been deprecated. Use Styler.map instead.

2026-05-15 16:51:03,154:INFO:Initializing create_model()
2026-05-15 16:51:03,154:INFO:create_model(self=<pycaret.classification.oop.ClassificationExperiment object at 0x30cf84070>, estimator=LogisticRegression(C=1.0, class_weight=None, dual=False, fit_intercept=True,
                   intercept_scaling=1, l1_ratio=None, max_iter=1000,
                   multi_class='auto', n_jobs=None, penalty='l2',
                   random_state=555, solver='lbfgs', tol=0.0001, verbose=0,
                   warm_start=False), fold=StratifiedKFold(n_splits=10, random_state=None, shuffle=False), round=4, cross_validation=False, predict=False, fit_kwargs={}, groups=None, refit=True, probability_threshold=None, experiment_custom_tags=None, verbose=False, system=False, add_to_model_list=True, metrics=None, display=None, model_only=True, return_train_score=False, error_score=0.0, kwargs={})
2026-05-15 16:51:03,154:INFO:Checking exceptions
2026-05-15 16:51:03,155:INFO:Importing libraries
2026-05-15 16:51:03,155:INFO:Copying training dataset
2026-05-15 16:51:03,159:INFO:Defining folds
2026-05-15 16:51:03,159:INFO:Declaring metric variables
2026-05-15 16:51:03,159:INFO:Importing untrained model
2026-05-15 16:51:03,159:INFO:Declaring custom model
2026-05-15 16:51:03,159:INFO:Logistic Regression Imported successfully
2026-05-15 16:51:03,160:INFO:Cross validation set to False
2026-05-15 16:51:03,160:INFO:Fitting Model
2026-05-15 16:51:03,173:INFO:LogisticRegression(C=1.0, class_weight=None, dual=False, fit_intercept=True,
                   intercept_scaling=1, l1_ratio=None, max_iter=1000,
                   multi_class='auto', n_jobs=None, penalty='l2',
                   random_state=555, solver='lbfgs', tol=0.0001, verbose=0,
                   warm_start=False)
2026-05-15 16:51:03,174:INFO:create_model() successfully completed......................................
2026-05-15 16:51:03,390:INFO:_master_model_container: 16
2026-05-15 16:51:03,390:INFO:_display_container: 2
2026-05-15 16:51:03,390:INFO:LogisticRegression(C=1.0, class_weight=None, dual=False, fit_intercept=True,
                   intercept_scaling=1, l1_ratio=None, max_iter=1000,
                   multi_class='auto', n_jobs=None, penalty='l2',
                   random_state=555, solver='lbfgs', tol=0.0001, verbose=0,
                   warm_start=False)
2026-05-15 16:51:03,390:INFO:compare_models() successfully completed......................................
2026-05-15 21:42:25,053:WARNING:/opt/anaconda3/envs/my-fenv/lib/python3.10/site-packages/sklearn/base.py:493: UserWarning: X does not have valid feature names, but LogisticRegression was fitted with feature names

